{"synthetic": false,
 "schemaVersion": "2025-09-10",
 "outputs": null,
 "log":
 [{"message":
   ".> ELAN=elan ELAN_HOME=/home/runner/.elan ELAN_TOOLCHAIN=leanprover/lean4:v4.32.0-rc1 LAKE=/home/runner/.elan/toolchains/leanprover--lean4---v4.32.0-rc1/bin/lake LAKE_HOME=/home/runner/.elan/toolchains/leanprover--lean4---v4.32.0-rc1 LAKE_CONFIG=/home/runner/.lake/config.toml LAKE_PKG_URL_MAP={} LAKE_NO_CACHE=false LAKE_CACHE_KEY= LAKE_CACHE_ARTIFACT_ENDPOINT= LAKE_CACHE_REVISION_ENDPOINT= LAKE_CACHE_SERVICE= LEAN=/home/runner/.elan/toolchains/leanprover--lean4---v4.32.0-rc1/bin/lean LEAN_SYSROOT=/home/runner/.elan/toolchains/leanprover--lean4---v4.32.0-rc1 LEAN_AR=/home/runner/.elan/toolchains/leanprover--lean4---v4.32.0-rc1/bin/llvm-ar LEAN_CC= LAKE_CACHE_DIR=/home/runner/.cache/lake LAKE_ARTIFACT_CACHE= LAKE_RESTORE_ARTIFACTS= LEAN_PATH=/home/runner/work/lean4-parser/lean4-parser/.lake/packages/MD4Lean/.lake/build/lib/lean:/home/runner/work/lean4-parser/lean4-parser/.lake/packages/BibtexQuery/.lake/build/lib/lean:/home/runner/work/lean4-parser/lean4-parser/.lake/packages/Cli/.lake/build/lib/lean:/home/runner/work/lean4-parser/lean4-parser/.lake/packages/leansqlite/.lake/build/lib/lean:/home/runner/work/lean4-parser/lean4-parser/.lake/packages/batteries/.lake/build/lib/lean:/home/runner/work/lean4-parser/lean4-parser/.lake/packages/UnicodeBasic/.lake/build/lib/lean:/home/runner/work/lean4-parser/lean4-parser/.lake/packages/doc-gen4/.lake/build/lib/lean:/home/runner/work/lean4-parser/lean4-parser/.lake/build/lib/lean:/home/runner/work/lean4-parser/lean4-parser/docs/lib/lean:/home/runner/.elan/toolchains/leanprover--lean4---v4.32.0-rc1/lib/lean LEAN_SRC_PATH=/home/runner/work/lean4-parser/lean4-parser/.lake/packages/MD4Lean:/home/runner/work/lean4-parser/lean4-parser/.lake/packages/MD4Lean:/home/runner/work/lean4-parser/lean4-parser/.lake/packages/BibtexQuery:/home/runner/work/lean4-parser/lean4-parser/.lake/packages/Cli:/home/runner/work/lean4-parser/lean4-parser/.lake/packages/Cli:/home/runner/work/lean4-parser/lean4-parser/.lake/packages/leansqlite:/home/runner/work/lean4-parser/lean4-parser/.lake/packages/batteries:/home/runner/work/lean4-parser/lean4-parser/.lake/packages/batteries:/home/runner/work/lean4-parser/lean4-parser/.lake/packages/batteries:/home/runner/work/lean4-parser/lean4-parser/.lake/packages/UnicodeBasic:/home/runner/work/lean4-parser/lean4-parser/.lake/packages/UnicodeBasic:/home/runner/work/lean4-parser/lean4-parser/.lake/packages/doc-gen4:/home/runner/work/lean4-parser/lean4-parser:/home/runner/.elan/toolchains/leanprover--lean4---v4.32.0-rc1/src/lean/lake LEAN_GITHASH=b4812ae53eea93439ad5dce5a5c26591c31cb697 PATH LD_LIBRARY_PATH=/home/runner/.elan/toolchains/leanprover--lean4---v4.32.0-rc1/lib/lean:/home/runner/.elan/toolchains/leanprover--lean4---v4.32.0-rc1/lib:/home/runner/work/lean4-parser/lean4-parser/docs/lib:/home/runner/work/lean4-parser/lean4-parser/.lake/build/lib:/home/runner/work/lean4-parser/lean4-parser/.lake/packages/doc-gen4/.lake/build/lib:/home/runner/work/lean4-parser/lean4-parser/.lake/packages/UnicodeBasic/.lake/build/lib:/home/runner/work/lean4-parser/lean4-parser/.lake/packages/batteries/.lake/build/lib:/home/runner/work/lean4-parser/lean4-parser/.lake/packages/leansqlite/.lake/build/lib:/home/runner/work/lean4-parser/lean4-parser/.lake/packages/Cli/.lake/build/lib:/home/runner/work/lean4-parser/lean4-parser/.lake/packages/BibtexQuery/.lake/build/lib:/home/runner/work/lean4-parser/lean4-parser/.lake/packages/MD4Lean/.lake/build/lib /home/runner/work/lean4-parser/lean4-parser/.lake/packages/doc-gen4/.lake/build/bin/doc-gen4 single --build /home/runner/work/lean4-parser/lean4-parser/docs Batteries.Data.Nat.Lemmas api-docs.db https://github.com/leanprover-community/batteries/blob/954dbc9873f3b4534dc9896604593406d0383520/Batteries/Data/Nat/Lemmas.lean",
   "level": "trace"}],
 "inputs":
 [["<nil>", "e0ef540168b1a2cd"],
  ["<collection>",
   [["/home/runner/work/lean4-parser/lean4-parser/docs/doc-data/Batteries.Tactic.Alias.doc",
     "21c42906adea99f5"],
    ["/home/runner/work/lean4-parser/lean4-parser/docs/doc-data/Batteries.Data.Nat.Basic.doc",
     "21c42906adea99f5"]]],
  ["/home/runner/work/lean4-parser/lean4-parser/docs/doc-data/references.json",
   "16fb262bc340d332"],
  ["/home/runner/work/lean4-parser/lean4-parser/.lake/packages/doc-gen4/.lake/build/bin/doc-gen4",
   "55cb62a920db08ce"],
  ["Batteries.Data.Nat.Lemmas:leanArts", "bfd469799a4bb1a6"]],
 "depHash": "57c53c9db73324f7"}