{"log":
 [{"message": "Documentation indexing", "level": "info"},
  {"message":
   ".> /home/runner/work/lean4-parser/lean4-parser/.lake/packages/doc-gen4/.lake/build/bin/doc-gen4 index --build /home/runner/work/lean4-parser/lean4-parser/docs",
   "level": "trace"}],
 "inputs":
 [["/home/runner/work/lean4-parser/lean4-parser/.lake/packages/doc-gen4/.lake/build/bin/doc-gen4",
   "4395208456968071088"],
  ["<collection>", "15241332997907831624"],
  ["<collection>",
   [["/home/runner/work/lean4-parser/lean4-parser/docs/doc/Parser/Prelude.html",
     "13880770249773782481"],
    ["/home/runner/work/lean4-parser/lean4-parser/docs/doc/Parser/Stream.html",
     "10583188102464974600"],
    ["/home/runner/work/lean4-parser/lean4-parser/docs/doc/Parser/Error.html",
     "11835760888576449979"],
    ["/home/runner/work/lean4-parser/lean4-parser/docs/doc/Parser/Parser.html",
     "4875402573117442405"],
    ["/home/runner/work/lean4-parser/lean4-parser/docs/doc/Parser/Basic.html",
     "4144405783718325099"],
    ["/home/runner/work/lean4-parser/lean4-parser/docs/doc/Parser/RegEx/Basic.html",
     "5297861523032809301"],
    ["/home/runner/work/lean4-parser/lean4-parser/docs/doc/Parser/Char/Basic.html",
     "14213560523399043200"],
    ["/home/runner/work/lean4-parser/lean4-parser/docs/doc/Parser/Char/Numeric.html",
     "12208089079819605503"],
    ["/home/runner/work/lean4-parser/lean4-parser/docs/doc/Parser/Char/Unicode.html",
     "7974459286664116686"],
    ["/home/runner/work/lean4-parser/lean4-parser/docs/doc/Parser/Char.html",
     "6791606208425156935"],
    ["/home/runner/work/lean4-parser/lean4-parser/docs/doc/Parser/RegEx/Compile.html",
     "16946340497634618087"],
    ["/home/runner/work/lean4-parser/lean4-parser/docs/doc/Parser/RegEx.html",
     "4878772038983012590"],
    ["/home/runner/work/lean4-parser/lean4-parser/docs/doc/Parser.html",
     "5322218847321830710"]]]],
 "depHash": "4780337052406398781"}